2022-04-17T06:05:34+00:00 CRITICAL Uncaught Error: Call to undefined function ImageCreate() in C:\xampp\htdocs\sgushoes\wp-content\plugins\thanh-toan-quet-ma-qr-momozalo-paymoca-grab-airpay\public\includes\phpqrcode\qrimage.php:74
Stack trace:
#0 C:\xampp\htdocs\sgushoes\wp-content\plugins\thanh-toan-quet-ma-qr-momozalo-paymoca-grab-airpay\public\includes\phpqrcode\qrimage.php(32): QRimage::image(Array, 10, 4)
#1 C:\xampp\htdocs\sgushoes\wp-content\plugins\thanh-toan-quet-ma-qr-momozalo-paymoca-grab-airpay\public\includes\phpqrcode\qrencode.php(494): QRimage::png(Array, false, 10, 4, false)
#2 C:\xampp\htdocs\sgushoes\wp-content\plugins\thanh-toan-quet-ma-qr-momozalo-paymoca-grab-airpay\public\includes\phpqrcode\qrencode.php(286): QRencode->encodePNG('2|99|0392119577...', false, false)
#3 C:\xampp\htdocs\sgushoes\wp-content\plugins\thanh-toan-quet-ma-qr-momozalo-paymoca-grab-airpay\public\class-mc-quetma-public.php(147): QRcode::png('2|99|0392119577...', false, 2, 10)
#4 C:\xampp\htdocs\sgushoes\wp-includes\rest-api\class-wp-rest-server.php(1141): Mc_Quetma_Public->show_qr(Object(WP_REST_Request))
#5 C:\xampp\htdocs\sgushoes\wp-includes\rest-api\class-wp-rest-server.php(988): WP_REST_Server->respond_to_request(Object(WP_REST_Request), '/plugin-quet-ma...', Array, NULL)
#6 C:\xampp\htdocs\sgushoes\wp-includes\rest-api\class-wp-rest-server.php(414): WP_REST_Server->dispatch(Object(WP_REST_Request))
#7 C:\xampp\htdocs\sgushoes\wp-includes\rest-api.php(386): WP_REST_Server->serve_request('/plugin-quet-ma...')
#8 C:\xampp\htdocs\sgushoes\wp-includes\class-wp-hook.php(307): rest_api_loaded(Object(WP))
#9 C:\xampp\htdocs\sgushoes\wp-includes\class-wp-hook.php(331): WP_Hook->apply_filters(NULL, Array)
#10 C:\xampp\htdocs\sgushoes\wp-includes\plugin.php(522): WP_Hook->do_action(Array)
#11 C:\xampp\htdocs\sgushoes\wp-includes\class-wp.php(396): do_action_ref_array('parse_request', Array)
#12 C:\xampp\htdocs\sgushoes\wp-includes\class-wp.php(758): WP->parse_request('')
#13 C:\xampp\htdocs\sgushoes\wp-includes\functions.php(1310): WP->main('')
#14 C:\xampp\htdocs\sgushoes\wp-blog-header.php(16): wp()
#15 C:\xampp\htdocs\sgushoes\index.php(17): require('C:\\xampp\\htdocs...')
#16 {main}
  thrown in C:\xampp\htdocs\sgushoes\wp-content\plugins\thanh-toan-quet-ma-qr-momozalo-paymoca-grab-airpay\public\includes\phpqrcode\qrimage.php on line 74

2022-04-17T06:12:04+00:00 CRITICAL Uncaught Error: Call to undefined function ImageCreate() in C:\xampp\htdocs\sgushoes\wp-content\plugins\thanh-toan-quet-ma-qr-momozalo-paymoca-grab-airpay\public\includes\phpqrcode\qrimage.php:74
Stack trace:
#0 C:\xampp\htdocs\sgushoes\wp-content\plugins\thanh-toan-quet-ma-qr-momozalo-paymoca-grab-airpay\public\includes\phpqrcode\qrimage.php(32): QRimage::image(Array, 10, 4)
#1 C:\xampp\htdocs\sgushoes\wp-content\plugins\thanh-toan-quet-ma-qr-momozalo-paymoca-grab-airpay\public\includes\phpqrcode\qrencode.php(494): QRimage::png(Array, false, 10, 4, false)
#2 C:\xampp\htdocs\sgushoes\wp-content\plugins\thanh-toan-quet-ma-qr-momozalo-paymoca-grab-airpay\public\includes\phpqrcode\qrencode.php(286): QRencode->encodePNG('2|99|0392119577...', false, false)
#3 C:\xampp\htdocs\sgushoes\wp-content\plugins\thanh-toan-quet-ma-qr-momozalo-paymoca-grab-airpay\public\class-mc-quetma-public.php(147): QRcode::png('2|99|0392119577...', false, 2, 10)
#4 C:\xampp\htdocs\sgushoes\wp-includes\rest-api\class-wp-rest-server.php(1141): Mc_Quetma_Public->show_qr(Object(WP_REST_Request))
#5 C:\xampp\htdocs\sgushoes\wp-includes\rest-api\class-wp-rest-server.php(988): WP_REST_Server->respond_to_request(Object(WP_REST_Request), '/plugin-quet-ma...', Array, NULL)
#6 C:\xampp\htdocs\sgushoes\wp-includes\rest-api\class-wp-rest-server.php(414): WP_REST_Server->dispatch(Object(WP_REST_Request))
#7 C:\xampp\htdocs\sgushoes\wp-includes\rest-api.php(386): WP_REST_Server->serve_request('/plugin-quet-ma...')
#8 C:\xampp\htdocs\sgushoes\wp-includes\class-wp-hook.php(307): rest_api_loaded(Object(WP))
#9 C:\xampp\htdocs\sgushoes\wp-includes\class-wp-hook.php(331): WP_Hook->apply_filters(NULL, Array)
#10 C:\xampp\htdocs\sgushoes\wp-includes\plugin.php(522): WP_Hook->do_action(Array)
#11 C:\xampp\htdocs\sgushoes\wp-includes\class-wp.php(396): do_action_ref_array('parse_request', Array)
#12 C:\xampp\htdocs\sgushoes\wp-includes\class-wp.php(758): WP->parse_request('')
#13 C:\xampp\htdocs\sgushoes\wp-includes\functions.php(1310): WP->main('')
#14 C:\xampp\htdocs\sgushoes\wp-blog-header.php(16): wp()
#15 C:\xampp\htdocs\sgushoes\index.php(17): require('C:\\xampp\\htdocs...')
#16 {main}
  thrown in C:\xampp\htdocs\sgushoes\wp-content\plugins\thanh-toan-quet-ma-qr-momozalo-paymoca-grab-airpay\public\includes\phpqrcode\qrimage.php on line 74

2022-04-17T06:16:30+00:00 CRITICAL Uncaught Error: Call to undefined function ImageCreate() in C:\xampp\htdocs\sgushoes\wp-content\plugins\thanh-toan-quet-ma-qr-momozalo-paymoca-grab-airpay\public\includes\phpqrcode\qrimage.php:74
Stack trace:
#0 C:\xampp\htdocs\sgushoes\wp-content\plugins\thanh-toan-quet-ma-qr-momozalo-paymoca-grab-airpay\public\includes\phpqrcode\qrimage.php(32): QRimage::image(Array, 10, 4)
#1 C:\xampp\htdocs\sgushoes\wp-content\plugins\thanh-toan-quet-ma-qr-momozalo-paymoca-grab-airpay\public\includes\phpqrcode\qrencode.php(494): QRimage::png(Array, false, 10, 4, false)
#2 C:\xampp\htdocs\sgushoes\wp-content\plugins\thanh-toan-quet-ma-qr-momozalo-paymoca-grab-airpay\public\includes\phpqrcode\qrencode.php(286): QRencode->encodePNG('2|99|0392119577...', false, false)
#3 C:\xampp\htdocs\sgushoes\wp-content\plugins\thanh-toan-quet-ma-qr-momozalo-paymoca-grab-airpay\public\class-mc-quetma-public.php(147): QRcode::png('2|99|0392119577...', false, 2, 10)
#4 C:\xampp\htdocs\sgushoes\wp-includes\rest-api\class-wp-rest-server.php(1141): Mc_Quetma_Public->show_qr(Object(WP_REST_Request))
#5 C:\xampp\htdocs\sgushoes\wp-includes\rest-api\class-wp-rest-server.php(988): WP_REST_Server->respond_to_request(Object(WP_REST_Request), '/plugin-quet-ma...', Array, NULL)
#6 C:\xampp\htdocs\sgushoes\wp-includes\rest-api\class-wp-rest-server.php(414): WP_REST_Server->dispatch(Object(WP_REST_Request))
#7 C:\xampp\htdocs\sgushoes\wp-includes\rest-api.php(386): WP_REST_Server->serve_request('/plugin-quet-ma...')
#8 C:\xampp\htdocs\sgushoes\wp-includes\class-wp-hook.php(307): rest_api_loaded(Object(WP))
#9 C:\xampp\htdocs\sgushoes\wp-includes\class-wp-hook.php(331): WP_Hook->apply_filters(NULL, Array)
#10 C:\xampp\htdocs\sgushoes\wp-includes\plugin.php(522): WP_Hook->do_action(Array)
#11 C:\xampp\htdocs\sgushoes\wp-includes\class-wp.php(396): do_action_ref_array('parse_request', Array)
#12 C:\xampp\htdocs\sgushoes\wp-includes\class-wp.php(758): WP->parse_request('')
#13 C:\xampp\htdocs\sgushoes\wp-includes\functions.php(1310): WP->main('')
#14 C:\xampp\htdocs\sgushoes\wp-blog-header.php(16): wp()
#15 C:\xampp\htdocs\sgushoes\index.php(17): require('C:\\xampp\\htdocs...')
#16 {main}
  thrown in C:\xampp\htdocs\sgushoes\wp-content\plugins\thanh-toan-quet-ma-qr-momozalo-paymoca-grab-airpay\public\includes\phpqrcode\qrimage.php on line 74

2022-04-17T06:18:49+00:00 CRITICAL Uncaught Error: Call to undefined function ImageCreate() in C:\xampp\htdocs\sgushoes\wp-content\plugins\thanh-toan-quet-ma-qr-momozalo-paymoca-grab-airpay\public\includes\phpqrcode\qrimage.php:74
Stack trace:
#0 C:\xampp\htdocs\sgushoes\wp-content\plugins\thanh-toan-quet-ma-qr-momozalo-paymoca-grab-airpay\public\includes\phpqrcode\qrimage.php(32): QRimage::image(Array, 10, 4)
#1 C:\xampp\htdocs\sgushoes\wp-content\plugins\thanh-toan-quet-ma-qr-momozalo-paymoca-grab-airpay\public\includes\phpqrcode\qrencode.php(494): QRimage::png(Array, false, 10, 4, false)
#2 C:\xampp\htdocs\sgushoes\wp-content\plugins\thanh-toan-quet-ma-qr-momozalo-paymoca-grab-airpay\public\includes\phpqrcode\qrencode.php(286): QRencode->encodePNG('2|99|0392119577...', false, false)
#3 C:\xampp\htdocs\sgushoes\wp-content\plugins\thanh-toan-quet-ma-qr-momozalo-paymoca-grab-airpay\public\class-mc-quetma-public.php(147): QRcode::png('2|99|0392119577...', false, 2, 10)
#4 C:\xampp\htdocs\sgushoes\wp-includes\rest-api\class-wp-rest-server.php(1141): Mc_Quetma_Public->show_qr(Object(WP_REST_Request))
#5 C:\xampp\htdocs\sgushoes\wp-includes\rest-api\class-wp-rest-server.php(988): WP_REST_Server->respond_to_request(Object(WP_REST_Request), '/plugin-quet-ma...', Array, NULL)
#6 C:\xampp\htdocs\sgushoes\wp-includes\rest-api\class-wp-rest-server.php(414): WP_REST_Server->dispatch(Object(WP_REST_Request))
#7 C:\xampp\htdocs\sgushoes\wp-includes\rest-api.php(386): WP_REST_Server->serve_request('/plugin-quet-ma...')
#8 C:\xampp\htdocs\sgushoes\wp-includes\class-wp-hook.php(307): rest_api_loaded(Object(WP))
#9 C:\xampp\htdocs\sgushoes\wp-includes\class-wp-hook.php(331): WP_Hook->apply_filters(NULL, Array)
#10 C:\xampp\htdocs\sgushoes\wp-includes\plugin.php(522): WP_Hook->do_action(Array)
#11 C:\xampp\htdocs\sgushoes\wp-includes\class-wp.php(396): do_action_ref_array('parse_request', Array)
#12 C:\xampp\htdocs\sgushoes\wp-includes\class-wp.php(758): WP->parse_request('')
#13 C:\xampp\htdocs\sgushoes\wp-includes\functions.php(1310): WP->main('')
#14 C:\xampp\htdocs\sgushoes\wp-blog-header.php(16): wp()
#15 C:\xampp\htdocs\sgushoes\index.php(17): require('C:\\xampp\\htdocs...')
#16 {main}
  thrown in C:\xampp\htdocs\sgushoes\wp-content\plugins\thanh-toan-quet-ma-qr-momozalo-paymoca-grab-airpay\public\includes\phpqrcode\qrimage.php on line 74

2022-04-17T06:19:04+00:00 CRITICAL Uncaught Error: Call to undefined function ImageCreate() in C:\xampp\htdocs\sgushoes\wp-content\plugins\thanh-toan-quet-ma-qr-momozalo-paymoca-grab-airpay\public\includes\phpqrcode\qrimage.php:74
Stack trace:
#0 C:\xampp\htdocs\sgushoes\wp-content\plugins\thanh-toan-quet-ma-qr-momozalo-paymoca-grab-airpay\public\includes\phpqrcode\qrimage.php(32): QRimage::image(Array, 10, 4)
#1 C:\xampp\htdocs\sgushoes\wp-content\plugins\thanh-toan-quet-ma-qr-momozalo-paymoca-grab-airpay\public\includes\phpqrcode\qrencode.php(494): QRimage::png(Array, false, 10, 4, false)
#2 C:\xampp\htdocs\sgushoes\wp-content\plugins\thanh-toan-quet-ma-qr-momozalo-paymoca-grab-airpay\public\includes\phpqrcode\qrencode.php(286): QRencode->encodePNG('2|99|0392119577...', false, false)
#3 C:\xampp\htdocs\sgushoes\wp-content\plugins\thanh-toan-quet-ma-qr-momozalo-paymoca-grab-airpay\public\class-mc-quetma-public.php(147): QRcode::png('2|99|0392119577...', false, 2, 10)
#4 C:\xampp\htdocs\sgushoes\wp-includes\rest-api\class-wp-rest-server.php(1141): Mc_Quetma_Public->show_qr(Object(WP_REST_Request))
#5 C:\xampp\htdocs\sgushoes\wp-includes\rest-api\class-wp-rest-server.php(988): WP_REST_Server->respond_to_request(Object(WP_REST_Request), '/plugin-quet-ma...', Array, NULL)
#6 C:\xampp\htdocs\sgushoes\wp-includes\rest-api\class-wp-rest-server.php(414): WP_REST_Server->dispatch(Object(WP_REST_Request))
#7 C:\xampp\htdocs\sgushoes\wp-includes\rest-api.php(386): WP_REST_Server->serve_request('/plugin-quet-ma...')
#8 C:\xampp\htdocs\sgushoes\wp-includes\class-wp-hook.php(307): rest_api_loaded(Object(WP))
#9 C:\xampp\htdocs\sgushoes\wp-includes\class-wp-hook.php(331): WP_Hook->apply_filters(NULL, Array)
#10 C:\xampp\htdocs\sgushoes\wp-includes\plugin.php(522): WP_Hook->do_action(Array)
#11 C:\xampp\htdocs\sgushoes\wp-includes\class-wp.php(396): do_action_ref_array('parse_request', Array)
#12 C:\xampp\htdocs\sgushoes\wp-includes\class-wp.php(758): WP->parse_request('')
#13 C:\xampp\htdocs\sgushoes\wp-includes\functions.php(1310): WP->main('')
#14 C:\xampp\htdocs\sgushoes\wp-blog-header.php(16): wp()
#15 C:\xampp\htdocs\sgushoes\index.php(17): require('C:\\xampp\\htdocs...')
#16 {main}
  thrown in C:\xampp\htdocs\sgushoes\wp-content\plugins\thanh-toan-quet-ma-qr-momozalo-paymoca-grab-airpay\public\includes\phpqrcode\qrimage.php on line 74

2022-04-17T06:23:48+00:00 CRITICAL Uncaught Error: Call to undefined function ImageCreate() in C:\xampp\htdocs\sgushoes\wp-content\plugins\thanh-toan-quet-ma-qr-momozalo-paymoca-grab-airpay\public\includes\phpqrcode\qrimage.php:74
Stack trace:
#0 C:\xampp\htdocs\sgushoes\wp-content\plugins\thanh-toan-quet-ma-qr-momozalo-paymoca-grab-airpay\public\includes\phpqrcode\qrimage.php(32): QRimage::image(Array, 10, 4)
#1 C:\xampp\htdocs\sgushoes\wp-content\plugins\thanh-toan-quet-ma-qr-momozalo-paymoca-grab-airpay\public\includes\phpqrcode\qrencode.php(494): QRimage::png(Array, false, 10, 4, false)
#2 C:\xampp\htdocs\sgushoes\wp-content\plugins\thanh-toan-quet-ma-qr-momozalo-paymoca-grab-airpay\public\includes\phpqrcode\qrencode.php(286): QRencode->encodePNG('2|99|0392119577...', false, false)
#3 C:\xampp\htdocs\sgushoes\wp-content\plugins\thanh-toan-quet-ma-qr-momozalo-paymoca-grab-airpay\public\class-mc-quetma-public.php(147): QRcode::png('2|99|0392119577...', false, 2, 10)
#4 C:\xampp\htdocs\sgushoes\wp-includes\rest-api\class-wp-rest-server.php(1141): Mc_Quetma_Public->show_qr(Object(WP_REST_Request))
#5 C:\xampp\htdocs\sgushoes\wp-includes\rest-api\class-wp-rest-server.php(988): WP_REST_Server->respond_to_request(Object(WP_REST_Request), '/plugin-quet-ma...', Array, NULL)
#6 C:\xampp\htdocs\sgushoes\wp-includes\rest-api\class-wp-rest-server.php(414): WP_REST_Server->dispatch(Object(WP_REST_Request))
#7 C:\xampp\htdocs\sgushoes\wp-includes\rest-api.php(386): WP_REST_Server->serve_request('/plugin-quet-ma...')
#8 C:\xampp\htdocs\sgushoes\wp-includes\class-wp-hook.php(307): rest_api_loaded(Object(WP))
#9 C:\xampp\htdocs\sgushoes\wp-includes\class-wp-hook.php(331): WP_Hook->apply_filters(NULL, Array)
#10 C:\xampp\htdocs\sgushoes\wp-includes\plugin.php(522): WP_Hook->do_action(Array)
#11 C:\xampp\htdocs\sgushoes\wp-includes\class-wp.php(396): do_action_ref_array('parse_request', Array)
#12 C:\xampp\htdocs\sgushoes\wp-includes\class-wp.php(758): WP->parse_request('')
#13 C:\xampp\htdocs\sgushoes\wp-includes\functions.php(1310): WP->main('')
#14 C:\xampp\htdocs\sgushoes\wp-blog-header.php(16): wp()
#15 C:\xampp\htdocs\sgushoes\index.php(17): require('C:\\xampp\\htdocs...')
#16 {main}
  thrown in C:\xampp\htdocs\sgushoes\wp-content\plugins\thanh-toan-quet-ma-qr-momozalo-paymoca-grab-airpay\public\includes\phpqrcode\qrimage.php on line 74

2022-04-17T06:24:05+00:00 CRITICAL Uncaught Error: Call to undefined function ImageCreate() in C:\xampp\htdocs\sgushoes\wp-content\plugins\thanh-toan-quet-ma-qr-momozalo-paymoca-grab-airpay\public\includes\phpqrcode\qrimage.php:74
Stack trace:
#0 C:\xampp\htdocs\sgushoes\wp-content\plugins\thanh-toan-quet-ma-qr-momozalo-paymoca-grab-airpay\public\includes\phpqrcode\qrimage.php(32): QRimage::image(Array, 10, 4)
#1 C:\xampp\htdocs\sgushoes\wp-content\plugins\thanh-toan-quet-ma-qr-momozalo-paymoca-grab-airpay\public\includes\phpqrcode\qrencode.php(494): QRimage::png(Array, false, 10, 4, false)
#2 C:\xampp\htdocs\sgushoes\wp-content\plugins\thanh-toan-quet-ma-qr-momozalo-paymoca-grab-airpay\public\includes\phpqrcode\qrencode.php(286): QRencode->encodePNG('2|99|0392119577...', false, false)
#3 C:\xampp\htdocs\sgushoes\wp-content\plugins\thanh-toan-quet-ma-qr-momozalo-paymoca-grab-airpay\public\class-mc-quetma-public.php(147): QRcode::png('2|99|0392119577...', false, 2, 10)
#4 C:\xampp\htdocs\sgushoes\wp-includes\rest-api\class-wp-rest-server.php(1141): Mc_Quetma_Public->show_qr(Object(WP_REST_Request))
#5 C:\xampp\htdocs\sgushoes\wp-includes\rest-api\class-wp-rest-server.php(988): WP_REST_Server->respond_to_request(Object(WP_REST_Request), '/plugin-quet-ma...', Array, NULL)
#6 C:\xampp\htdocs\sgushoes\wp-includes\rest-api\class-wp-rest-server.php(414): WP_REST_Server->dispatch(Object(WP_REST_Request))
#7 C:\xampp\htdocs\sgushoes\wp-includes\rest-api.php(386): WP_REST_Server->serve_request('/plugin-quet-ma...')
#8 C:\xampp\htdocs\sgushoes\wp-includes\class-wp-hook.php(307): rest_api_loaded(Object(WP))
#9 C:\xampp\htdocs\sgushoes\wp-includes\class-wp-hook.php(331): WP_Hook->apply_filters(NULL, Array)
#10 C:\xampp\htdocs\sgushoes\wp-includes\plugin.php(522): WP_Hook->do_action(Array)
#11 C:\xampp\htdocs\sgushoes\wp-includes\class-wp.php(396): do_action_ref_array('parse_request', Array)
#12 C:\xampp\htdocs\sgushoes\wp-includes\class-wp.php(758): WP->parse_request('')
#13 C:\xampp\htdocs\sgushoes\wp-includes\functions.php(1310): WP->main('')
#14 C:\xampp\htdocs\sgushoes\wp-blog-header.php(16): wp()
#15 C:\xampp\htdocs\sgushoes\index.php(17): require('C:\\xampp\\htdocs...')
#16 {main}
  thrown in C:\xampp\htdocs\sgushoes\wp-content\plugins\thanh-toan-quet-ma-qr-momozalo-paymoca-grab-airpay\public\includes\phpqrcode\qrimage.php on line 74

2022-04-17T06:27:27+00:00 CRITICAL Uncaught Error: Call to undefined function ImageCreate() in C:\xampp\htdocs\sgushoes\wp-content\plugins\thanh-toan-quet-ma-qr-momozalo-paymoca-grab-airpay\public\includes\phpqrcode\qrimage.php:74
Stack trace:
#0 C:\xampp\htdocs\sgushoes\wp-content\plugins\thanh-toan-quet-ma-qr-momozalo-paymoca-grab-airpay\public\includes\phpqrcode\qrimage.php(32): QRimage::image(Array, 10, 4)
#1 C:\xampp\htdocs\sgushoes\wp-content\plugins\thanh-toan-quet-ma-qr-momozalo-paymoca-grab-airpay\public\includes\phpqrcode\qrencode.php(494): QRimage::png(Array, false, 10, 4, false)
#2 C:\xampp\htdocs\sgushoes\wp-content\plugins\thanh-toan-quet-ma-qr-momozalo-paymoca-grab-airpay\public\includes\phpqrcode\qrencode.php(286): QRencode->encodePNG('2|99|0392119577...', false, false)
#3 C:\xampp\htdocs\sgushoes\wp-content\plugins\thanh-toan-quet-ma-qr-momozalo-paymoca-grab-airpay\public\class-mc-quetma-public.php(147): QRcode::png('2|99|0392119577...', false, 2, 10)
#4 C:\xampp\htdocs\sgushoes\wp-includes\rest-api\class-wp-rest-server.php(1141): Mc_Quetma_Public->show_qr(Object(WP_REST_Request))
#5 C:\xampp\htdocs\sgushoes\wp-includes\rest-api\class-wp-rest-server.php(988): WP_REST_Server->respond_to_request(Object(WP_REST_Request), '/plugin-quet-ma...', Array, NULL)
#6 C:\xampp\htdocs\sgushoes\wp-includes\rest-api\class-wp-rest-server.php(414): WP_REST_Server->dispatch(Object(WP_REST_Request))
#7 C:\xampp\htdocs\sgushoes\wp-includes\rest-api.php(386): WP_REST_Server->serve_request('/plugin-quet-ma...')
#8 C:\xampp\htdocs\sgushoes\wp-includes\class-wp-hook.php(307): rest_api_loaded(Object(WP))
#9 C:\xampp\htdocs\sgushoes\wp-includes\class-wp-hook.php(331): WP_Hook->apply_filters(NULL, Array)
#10 C:\xampp\htdocs\sgushoes\wp-includes\plugin.php(522): WP_Hook->do_action(Array)
#11 C:\xampp\htdocs\sgushoes\wp-includes\class-wp.php(396): do_action_ref_array('parse_request', Array)
#12 C:\xampp\htdocs\sgushoes\wp-includes\class-wp.php(758): WP->parse_request('')
#13 C:\xampp\htdocs\sgushoes\wp-includes\functions.php(1310): WP->main('')
#14 C:\xampp\htdocs\sgushoes\wp-blog-header.php(16): wp()
#15 C:\xampp\htdocs\sgushoes\index.php(17): require('C:\\xampp\\htdocs...')
#16 {main}
  thrown in C:\xampp\htdocs\sgushoes\wp-content\plugins\thanh-toan-quet-ma-qr-momozalo-paymoca-grab-airpay\public\includes\phpqrcode\qrimage.php on line 74

2022-04-17T06:29:19+00:00 CRITICAL Uncaught Error: Call to undefined function ImageCreate() in C:\xampp\htdocs\sgushoes\wp-content\plugins\thanh-toan-quet-ma-qr-momozalo-paymoca-grab-airpay\public\includes\phpqrcode\qrimage.php:74
Stack trace:
#0 C:\xampp\htdocs\sgushoes\wp-content\plugins\thanh-toan-quet-ma-qr-momozalo-paymoca-grab-airpay\public\includes\phpqrcode\qrimage.php(32): QRimage::image(Array, 10, 4)
#1 C:\xampp\htdocs\sgushoes\wp-content\plugins\thanh-toan-quet-ma-qr-momozalo-paymoca-grab-airpay\public\includes\phpqrcode\qrencode.php(494): QRimage::png(Array, false, 10, 4, false)
#2 C:\xampp\htdocs\sgushoes\wp-content\plugins\thanh-toan-quet-ma-qr-momozalo-paymoca-grab-airpay\public\includes\phpqrcode\qrencode.php(286): QRencode->encodePNG('2|99|0392119577...', false, false)
#3 C:\xampp\htdocs\sgushoes\wp-content\plugins\thanh-toan-quet-ma-qr-momozalo-paymoca-grab-airpay\public\class-mc-quetma-public.php(147): QRcode::png('2|99|0392119577...', false, 2, 10)
#4 C:\xampp\htdocs\sgushoes\wp-includes\rest-api\class-wp-rest-server.php(1141): Mc_Quetma_Public->show_qr(Object(WP_REST_Request))
#5 C:\xampp\htdocs\sgushoes\wp-includes\rest-api\class-wp-rest-server.php(988): WP_REST_Server->respond_to_request(Object(WP_REST_Request), '/plugin-quet-ma...', Array, NULL)
#6 C:\xampp\htdocs\sgushoes\wp-includes\rest-api\class-wp-rest-server.php(414): WP_REST_Server->dispatch(Object(WP_REST_Request))
#7 C:\xampp\htdocs\sgushoes\wp-includes\rest-api.php(386): WP_REST_Server->serve_request('/plugin-quet-ma...')
#8 C:\xampp\htdocs\sgushoes\wp-includes\class-wp-hook.php(307): rest_api_loaded(Object(WP))
#9 C:\xampp\htdocs\sgushoes\wp-includes\class-wp-hook.php(331): WP_Hook->apply_filters(NULL, Array)
#10 C:\xampp\htdocs\sgushoes\wp-includes\plugin.php(522): WP_Hook->do_action(Array)
#11 C:\xampp\htdocs\sgushoes\wp-includes\class-wp.php(396): do_action_ref_array('parse_request', Array)
#12 C:\xampp\htdocs\sgushoes\wp-includes\class-wp.php(758): WP->parse_request('')
#13 C:\xampp\htdocs\sgushoes\wp-includes\functions.php(1310): WP->main('')
#14 C:\xampp\htdocs\sgushoes\wp-blog-header.php(16): wp()
#15 C:\xampp\htdocs\sgushoes\index.php(17): require('C:\\xampp\\htdocs...')
#16 {main}
  thrown in C:\xampp\htdocs\sgushoes\wp-content\plugins\thanh-toan-quet-ma-qr-momozalo-paymoca-grab-airpay\public\includes\phpqrcode\qrimage.php on line 74

2022-04-17T06:29:47+00:00 CRITICAL Uncaught Error: Call to undefined function ImageCreate() in C:\xampp\htdocs\sgushoes\wp-content\plugins\thanh-toan-quet-ma-qr-momozalo-paymoca-grab-airpay\public\includes\phpqrcode\qrimage.php:74
Stack trace:
#0 C:\xampp\htdocs\sgushoes\wp-content\plugins\thanh-toan-quet-ma-qr-momozalo-paymoca-grab-airpay\public\includes\phpqrcode\qrimage.php(32): QRimage::image(Array, 10, 4)
#1 C:\xampp\htdocs\sgushoes\wp-content\plugins\thanh-toan-quet-ma-qr-momozalo-paymoca-grab-airpay\public\includes\phpqrcode\qrencode.php(494): QRimage::png(Array, false, 10, 4, false)
#2 C:\xampp\htdocs\sgushoes\wp-content\plugins\thanh-toan-quet-ma-qr-momozalo-paymoca-grab-airpay\public\includes\phpqrcode\qrencode.php(286): QRencode->encodePNG('2|99|0392119577...', false, false)
#3 C:\xampp\htdocs\sgushoes\wp-content\plugins\thanh-toan-quet-ma-qr-momozalo-paymoca-grab-airpay\public\class-mc-quetma-public.php(147): QRcode::png('2|99|0392119577...', false, 2, 10)
#4 C:\xampp\htdocs\sgushoes\wp-includes\rest-api\class-wp-rest-server.php(1141): Mc_Quetma_Public->show_qr(Object(WP_REST_Request))
#5 C:\xampp\htdocs\sgushoes\wp-includes\rest-api\class-wp-rest-server.php(988): WP_REST_Server->respond_to_request(Object(WP_REST_Request), '/plugin-quet-ma...', Array, NULL)
#6 C:\xampp\htdocs\sgushoes\wp-includes\rest-api\class-wp-rest-server.php(414): WP_REST_Server->dispatch(Object(WP_REST_Request))
#7 C:\xampp\htdocs\sgushoes\wp-includes\rest-api.php(386): WP_REST_Server->serve_request('/plugin-quet-ma...')
#8 C:\xampp\htdocs\sgushoes\wp-includes\class-wp-hook.php(307): rest_api_loaded(Object(WP))
#9 C:\xampp\htdocs\sgushoes\wp-includes\class-wp-hook.php(331): WP_Hook->apply_filters(NULL, Array)
#10 C:\xampp\htdocs\sgushoes\wp-includes\plugin.php(522): WP_Hook->do_action(Array)
#11 C:\xampp\htdocs\sgushoes\wp-includes\class-wp.php(396): do_action_ref_array('parse_request', Array)
#12 C:\xampp\htdocs\sgushoes\wp-includes\class-wp.php(758): WP->parse_request('')
#13 C:\xampp\htdocs\sgushoes\wp-includes\functions.php(1310): WP->main('')
#14 C:\xampp\htdocs\sgushoes\wp-blog-header.php(16): wp()
#15 C:\xampp\htdocs\sgushoes\index.php(17): require('C:\\xampp\\htdocs...')
#16 {main}
  thrown in C:\xampp\htdocs\sgushoes\wp-content\plugins\thanh-toan-quet-ma-qr-momozalo-paymoca-grab-airpay\public\includes\phpqrcode\qrimage.php on line 74

2022-04-17T07:15:28+00:00 CRITICAL Uncaught Error: Call to undefined function ImageCreate() in C:\xampp\htdocs\sgushoes\wp-content\plugins\thanh-toan-quet-ma-qr-momozalo-paymoca-grab-airpay\public\includes\phpqrcode\qrimage.php:74
Stack trace:
#0 C:\xampp\htdocs\sgushoes\wp-content\plugins\thanh-toan-quet-ma-qr-momozalo-paymoca-grab-airpay\public\includes\phpqrcode\qrimage.php(32): QRimage::image(Array, 10, 4)
#1 C:\xampp\htdocs\sgushoes\wp-content\plugins\thanh-toan-quet-ma-qr-momozalo-paymoca-grab-airpay\public\includes\phpqrcode\qrencode.php(494): QRimage::png(Array, false, 10, 4, false)
#2 C:\xampp\htdocs\sgushoes\wp-content\plugins\thanh-toan-quet-ma-qr-momozalo-paymoca-grab-airpay\public\includes\phpqrcode\qrencode.php(286): QRencode->encodePNG('2|99|0392119577...', false, false)
#3 C:\xampp\htdocs\sgushoes\wp-content\plugins\thanh-toan-quet-ma-qr-momozalo-paymoca-grab-airpay\public\class-mc-quetma-public.php(147): QRcode::png('2|99|0392119577...', false, 2, 10)
#4 C:\xampp\htdocs\sgushoes\wp-includes\rest-api\class-wp-rest-server.php(1141): Mc_Quetma_Public->show_qr(Object(WP_REST_Request))
#5 C:\xampp\htdocs\sgushoes\wp-includes\rest-api\class-wp-rest-server.php(988): WP_REST_Server->respond_to_request(Object(WP_REST_Request), '/plugin-quet-ma...', Array, NULL)
#6 C:\xampp\htdocs\sgushoes\wp-includes\rest-api\class-wp-rest-server.php(414): WP_REST_Server->dispatch(Object(WP_REST_Request))
#7 C:\xampp\htdocs\sgushoes\wp-includes\rest-api.php(386): WP_REST_Server->serve_request('/plugin-quet-ma...')
#8 C:\xampp\htdocs\sgushoes\wp-includes\class-wp-hook.php(307): rest_api_loaded(Object(WP))
#9 C:\xampp\htdocs\sgushoes\wp-includes\class-wp-hook.php(331): WP_Hook->apply_filters(NULL, Array)
#10 C:\xampp\htdocs\sgushoes\wp-includes\plugin.php(522): WP_Hook->do_action(Array)
#11 C:\xampp\htdocs\sgushoes\wp-includes\class-wp.php(396): do_action_ref_array('parse_request', Array)
#12 C:\xampp\htdocs\sgushoes\wp-includes\class-wp.php(758): WP->parse_request('')
#13 C:\xampp\htdocs\sgushoes\wp-includes\functions.php(1310): WP->main('')
#14 C:\xampp\htdocs\sgushoes\wp-blog-header.php(16): wp()
#15 C:\xampp\htdocs\sgushoes\index.php(17): require('C:\\xampp\\htdocs...')
#16 {main}
  thrown in C:\xampp\htdocs\sgushoes\wp-content\plugins\thanh-toan-quet-ma-qr-momozalo-paymoca-grab-airpay\public\includes\phpqrcode\qrimage.php on line 74

